0 info it worked if it ends with ok
1 verbose cli [ '/usr/local/Cellar/node/7.7.3/bin/node',
1 verbose cli   '/usr/local/bin/npm',
1 verbose cli   'start' ]
2 info using npm@4.1.2
3 info using node@v7.7.3
4 verbose run-script [ 'prestart', 'start', 'poststart' ]
5 info lifecycle ngrdev-comment-module@0.0.5~prestart: ngrdev-comment-module@0.0.5
6 silly lifecycle ngrdev-comment-module@0.0.5~prestart: no script for prestart, continuing
7 info lifecycle ngrdev-comment-module@0.0.5~start: ngrdev-comment-module@0.0.5
8 verbose lifecycle ngrdev-comment-module@0.0.5~start: unsafe-perm in lifecycle true
9 verbose lifecycle ngrdev-comment-module@0.0.5~start: PATH: /usr/local/lib/node_modules/npm/bin/node-gyp-bin:/Users/raven/dev0/comment-module/node_modules/.bin:/usr/local/bin:/usr/bin:/bin:/usr/sbin:/sbin:/opt/X11/bin:/Applications/Wireshark.app/Contents/MacOS
10 verbose lifecycle ngrdev-comment-module@0.0.5~start: CWD: /Users/raven/dev0/comment-module
11 silly lifecycle ngrdev-comment-module@0.0.5~start: Args: [ '-c', 'npm run server' ]
12 silly lifecycle ngrdev-comment-module@0.0.5~start: Returned: code: 1  signal: null
13 info lifecycle ngrdev-comment-module@0.0.5~start: Failed to exec start script
14 verbose stack Error: ngrdev-comment-module@0.0.5 start: `npm run server`
14 verbose stack Exit status 1
14 verbose stack     at EventEmitter.<anonymous> (/usr/local/lib/node_modules/npm/lib/utils/lifecycle.js:279:16)
14 verbose stack     at emitTwo (events.js:106:13)
14 verbose stack     at EventEmitter.emit (events.js:194:7)
14 verbose stack     at ChildProcess.<anonymous> (/usr/local/lib/node_modules/npm/lib/utils/spawn.js:40:14)
14 verbose stack     at emitTwo (events.js:106:13)
14 verbose stack     at ChildProcess.emit (events.js:194:7)
14 verbose stack     at maybeClose (internal/child_process.js:899:16)
14 verbose stack     at Process.ChildProcess._handle.onexit (internal/child_process.js:226:5)
15 verbose pkgid ngrdev-comment-module@0.0.5
16 verbose cwd /Users/raven/dev0/comment-module
17 error Darwin 16.6.0
18 error argv "/usr/local/Cellar/node/7.7.3/bin/node" "/usr/local/bin/npm" "start"
19 error node v7.7.3
20 error npm  v4.1.2
21 error code ELIFECYCLE
22 error ngrdev-comment-module@0.0.5 start: `npm run server`
22 error Exit status 1
23 error Failed at the ngrdev-comment-module@0.0.5 start script 'npm run server'.
23 error Make sure you have the latest version of node.js and npm installed.
23 error If you do, this is most likely a problem with the ngrdev-comment-module package,
23 error not with npm itself.
23 error Tell the author that this fails on your system:
23 error     npm run server
23 error You can get information on how to open an issue for this project with:
23 error     npm bugs ngrdev-comment-module
23 error Or if that isn't available, you can get their info via:
23 error     npm owner ls ngrdev-comment-module
23 error There is likely additional logging output above.
24 verbose exit [ 1, true ]
